Arguments: 
  C:\Program Files\nodejs\node.exe C:\Users\trury\AppData\Roaming\npm\node_modules\yarn\bin\yarn.js add -D parcel-builder

PATH: 
  C:\Program Files\Microsoft\jdk-17.0.6.10-hotspot\bin;C:\WINDOWS\system32;C:\WINDOWS;C:\WINDOWS\System32\Wbem;C:\WINDOWS\System32\WindowsPowerShell\v1.0\;C:\WINDOWS\System32\OpenSSH\;C:\Program Files\dotnet\;C:\Program Files\MATLAB\R2022b\bin;C:\Program Files\Git\cmd;C:\Users\trury\AppData\Roaming\nvm;C:\Program Files\nodejs;C:\Python311\Scripts\;C:\Python311\;C:\Users\trury\AppData\Local\Programs\Eclipse Adoptium\jdk-17.0.6.10-hotspot\bin;C:\Users\trury\AppData\Local\Programs\Python\Python38-32\Scripts\;C:\Users\trury\AppData\Local\Programs\Python\Python38-32\;C:\Users\trury\AppData\Local\Microsoft\WindowsApps;C:\Users\trury\AppData\Local\atom\bin;C:\Users\trury\AppData\Local\Programs\Microsoft VS Code\bin;C:\Users\trury\.dotnet\tools;C:\Users\trury\AppData\Local\Programs\MiKTeX\miktex\bin\x64\;C:\Users\trury\AppData\Local\GitHubDesktop\bin;C:\Program Files\JetBrains\PyCharm Community Edition 2023.1.2\bin;;C:\Program Files\R\R-4.3.1\bin;C:\Users\trury\AppData\Roaming\npm;C:\Users\trury\AppData\Roaming\nvm;C:\Program Files\nodejs

Yarn version: 
  1.22.19

Node version: 
  21.1.0

Platform: 
  win32 x64

Trace: 
  Error: https://registry.yarnpkg.com/parcel-builder: Not found
      at params.callback [as _callback] (C:\Users\trury\AppData\Roaming\npm\node_modules\yarn\lib\cli.js:66145:18)
      at self.callback (C:\Users\trury\AppData\Roaming\npm\node_modules\yarn\lib\cli.js:140890:22)
      at Request.emit (node:events:515:28)
      at Request.<anonymous> (C:\Users\trury\AppData\Roaming\npm\node_modules\yarn\lib\cli.js:141862:10)
      at Request.emit (node:events:515:28)
      at IncomingMessage.<anonymous> (C:\Users\trury\AppData\Roaming\npm\node_modules\yarn\lib\cli.js:141784:12)
      at Object.onceWrapper (node:events:629:28)
      at IncomingMessage.emit (node:events:527:35)
      at endReadableNT (node:internal/streams/readable:1589:12)
      at process.processTicksAndRejections (node:internal/process/task_queues:82:21)

npm manifest: 
  {
    "name": "power-up-test",
    "version": "1.0.0",
    "description": "a test power up",
    "main": "index.js",
    "repository": "https://github.com/true2000/power-up-test.git",
    "author": "true2000 <57641483+true2000@users.noreply.github.com>",
    "license": "MIT"
  }

yarn manifest: 
  No manifest

Lockfile: 
  No lockfile
